# JRE version: Java(TM) SE Runtime Environment (8.0_161-b12) (build 1.8.0_161-b12)
# Java VM: Java HotSpot(TM) 64-Bit Server VM (25.161-b12 mixed mode windows-amd64 compressed oops)
Heap:
 PSYoungGen      total 18432K, used 3989K [0x00000000eb380000, 0x00000000ec880000, 0x0000000100000000)
  eden space 15360K, 13% used [0x00000000eb380000,0x00000000eb5837a0,0x00000000ec280000)
  from space 3072K, 62% used [0x00000000ec580000,0x00000000ec762020,0x00000000ec880000)
  to   space 3072K, 0% used [0x00000000ec280000,0x00000000ec280000,0x00000000ec580000)
 ParOldGen       total 44032K, used 33928K [0x00000000c1a00000, 0x00000000c4500000, 0x00000000eb380000)
  object space 44032K, 77% used [0x00000000c1a00000,0x00000000c3b22230,0x00000000c4500000)
 Metaspace       used 13415K, capacity 13622K, committed 13952K, reserved 1060864K
  class space    used 1571K, capacity 1651K, committed 1664K, reserved 1048576K
GC Heap History (10 events):
Event: 43.112 GC heap before
{Heap before GC invocations=50 (full 0):
 PSYoungGen      total 18944K, used 16353K [0x00000000eb380000, 0x00000000ec980000, 0x0000000100000000)
  eden space 15360K, 99% used [0x00000000eb380000,0x00000000ec27f650,0x00000000ec280000)
  from space 3584K, 27% used [0x00000000ec280000,0x00000000ec379010,0x00000000ec600000)
  to   space 3584K, 0% used [0x00000000ec600000,0x00000000ec600000,0x00000000ec980000)
 ParOldGen       total 44032K, used 33824K [0x00000000c1a00000, 0x00000000c4500000, 0x00000000eb380000)
  object space 44032K, 76% used [0x00000000c1a00000,0x00000000c3b08110,0x00000000c4500000)
 Metaspace       used 13354K, capacity 13558K, committed 13696K, reserved 1060864K
  class space    used 1571K, capacity 1651K, committed 1664K, reserved 1048576K
Event: 43.113 GC heap after
Heap after GC invocations=50 (full 0):
 PSYoungGen      total 18944K, used 1896K [0x00000000eb380000, 0x00000000ec980000, 0x0000000100000000)
  eden space 15360K, 0% used [0x00000000eb380000,0x00000000eb380000,0x00000000ec280000)
  from space 3584K, 52% used [0x00000000ec600000,0x00000000ec7da020,0x00000000ec980000)
  to   space 3584K, 0% used [0x00000000ec280000,0x00000000ec280000,0x00000000ec600000)
 ParOldGen       total 44032K, used 33848K [0x00000000c1a00000, 0x00000000c4500000, 0x00000000eb380000)
  object space 44032K, 76% used [0x00000000c1a00000,0x00000000c3b0e110,0x00000000c4500000)
 Metaspace       used 13354K, capacity 13558K, committed 13696K, reserved 1060864K
  class space    used 1571K, capacity 1651K, committed 1664K, reserved 1048576K
}
Event: 43.704 GC heap before
{Heap before GC invocations=51 (full 0):
 PSYoungGen      total 18944K, used 17054K [0x00000000eb380000, 0x00000000ec980000, 0x0000000100000000)
  eden space 15360K, 98% used [0x00000000eb380000,0x00000000ec24d848,0x00000000ec280000)
  from space 3584K, 52% used [0x00000000ec600000,0x00000000ec7da020,0x00000000ec980000)
  to   space 3584K, 0% used [0x00000000ec280000,0x00000000ec280000,0x00000000ec600000)
 ParOldGen       total 44032K, used 33848K [0x00000000c1a00000, 0x00000000c4500000, 0x00000000eb380000)
  object space 44032K, 76% used [0x00000000c1a00000,0x00000000c3b0e110,0x00000000c4500000)
 Metaspace       used 13389K, capacity 13558K, committed 13696K, reserved 1060864K
  class space    used 1571K, capacity 1651K, committed 1664K, reserved 1048576K
Event: 43.705 GC heap after
Heap after GC invocations=51 (full 0):
 PSYoungGen      total 18944K, used 1896K [0x00000000eb380000, 0x00000000ec980000, 0x0000000100000000)
  eden space 15360K, 0% used [0x00000000eb380000,0x00000000eb380000,0x00000000ec280000)
  from space 3584K, 52% used [0x00000000ec280000,0x00000000ec45a020,0x00000000ec600000)
  to   space 3584K, 0% used [0x00000000ec600000,0x00000000ec600000,0x00000000ec980000)
 ParOldGen       total 44032K, used 33872K [0x00000000c1a00000, 0x00000000c4500000, 0x00000000eb380000)
  object space 44032K, 76% used [0x00000000c1a00000,0x00000000c3b14110,0x00000000c4500000)
 Metaspace       used 13389K, capacity 13558K, committed 13696K, reserved 1060864K
  class space    used 1571K, capacity 1651K, committed 1664K, reserved 1048576K
}
Event: 44.265 GC heap before
{Heap before GC invocations=52 (full 0):
 PSYoungGen      total 18944K, used 16921K [0x00000000eb380000, 0x00000000ec980000, 0x0000000100000000)
  eden space 15360K, 97% used [0x00000000eb380000,0x00000000ec22c498,0x00000000ec280000)
  from space 3584K, 52% used [0x00000000ec280000,0x00000000ec45a020,0x00000000ec600000)
  to   space 3584K, 0% used [0x00000000ec600000,0x00000000ec600000,0x00000000ec980000)
 ParOldGen       total 44032K, used 33872K [0x00000000c1a00000, 0x00000000c4500000, 0x00000000eb380000)
  object space 44032K, 76% used [0x00000000c1a00000,0x00000000c3b14110,0x00000000c4500000)
 Metaspace       used 13393K, capacity 13558K, committed 13696K, reserved 1060864K
  class space    used 1571K, capacity 1651K, committed 1664K, reserved 1048576K
Event: 44.267 GC heap after
Heap after GC invocations=52 (full 0):
 PSYoungGen      total 18944K, used 996K [0x00000000eb380000, 0x00000000ec980000, 0x0000000100000000)
  eden space 15360K, 0% used [0x00000000eb380000,0x00000000eb380000,0x00000000ec280000)
  from space 3584K, 27% used [0x00000000ec600000,0x00000000ec6f9010,0x00000000ec980000)
  to   space 3584K, 0% used [0x00000000ec280000,0x00000000ec280000,0x00000000ec600000)
 ParOldGen       total 44032K, used 33904K [0x00000000c1a00000, 0x00000000c4500000, 0x00000000eb380000)
  object space 44032K, 76% used [0x00000000c1a00000,0x00000000c3b1c230,0x00000000c4500000)
 Metaspace       used 13393K, capacity 13558K, committed 13696K, reserved 1060864K
  class space    used 1571K, capacity 1651K, committed 1664K, reserved 1048576K
}
Event: 44.824 GC heap before
{Heap before GC invocations=53 (full 0):
 PSYoungGen      total 18944K, used 15963K [0x00000000eb380000, 0x00000000ec980000, 0x0000000100000000)
  eden space 15360K, 97% used [0x00000000eb380000,0x00000000ec21dc18,0x00000000ec280000)
  from space 3584K, 27% used [0x00000000ec600000,0x00000000ec6f9010,0x00000000ec980000)
  to   space 3584K, 0% used [0x00000000ec280000,0x00000000ec280000,0x00000000ec600000)
 ParOldGen       total 44032K, used 33904K [0x00000000c1a00000, 0x00000000c4500000, 0x00000000eb380000)
  object space 44032K, 76% used [0x00000000c1a00000,0x00000000c3b1c230,0x00000000c4500000)
 Metaspace       used 13413K, capacity 13622K, committed 13952K, reserved 1060864K
  class space    used 1571K, capacity 1651K, committed 1664K, reserved 1048576K
Event: 44.825 GC heap after
Heap after GC invocations=53 (full 0):
 PSYoungGen      total 16384K, used 996K [0x00000000eb380000, 0x00000000ec880000, 0x0000000100000000)
  eden space 15360K, 0% used [0x00000000eb380000,0x00000000eb380000,0x00000000ec280000)
  from space 1024K, 97% used [0x00000000ec280000,0x00000000ec379010,0x00000000ec380000)
  to   space 3072K, 0% used [0x00000000ec580000,0x00000000ec580000,0x00000000ec880000)
 ParOldGen       total 44032K, used 33912K [0x00000000c1a00000, 0x00000000c4500000, 0x00000000eb380000)
  object space 44032K, 77% used [0x00000000c1a00000,0x00000000c3b1e230,0x00000000c4500000)
 Metaspace       used 13413K, capacity 13622K, committed 13952K, reserved 1060864K
  class space    used 1571K, capacity 1651K, committed 1664K, reserved 1048576K
}
Event: 45.387 GC heap before
{Heap before GC invocations=54 (full 0):
 PSYoungGen      total 16384K, used 15858K [0x00000000eb380000, 0x00000000ec880000, 0x0000000100000000)
  eden space 15360K, 96% used [0x00000000eb380000,0x00000000ec203b00,0x00000000ec280000)
  from space 1024K, 97% used [0x00000000ec280000,0x00000000ec379010,0x00000000ec380000)
  to   space 3072K, 0% used [0x00000000ec580000,0x00000000ec580000,0x00000000ec880000)
 ParOldGen       total 44032K, used 33912K [0x00000000c1a00000, 0x00000000c4500000, 0x00000000eb380000)
  object space 44032K, 77% used [0x00000000c1a00000,0x00000000c3b1e230,0x00000000c4500000)
 Metaspace       used 13415K, capacity 13622K, committed 13952K, reserved 1060864K
  class space    used 1571K, capacity 1651K, committed 1664K, reserved 1048576K
Event: 45.389 GC heap after
Heap after GC invocations=54 (full 0):
 PSYoungGen      total 18432K, used 1928K [0x00000000eb380000, 0x00000000ec880000, 0x0000000100000000)
  eden space 15360K, 0% used [0x00000000eb380000,0x00000000eb380000,0x00000000ec280000)
  from space 3072K, 62% used [0x00000000ec580000,0x00000000ec762020,0x00000000ec880000)
  to   space 3072K, 0% used [0x00000000ec280000,0x00000000ec280000,0x00000000ec580000)
 ParOldGen       total 44032K, used 33928K [0x00000000c1a00000, 0x00000000c4500000, 0x00000000eb380000)
  object space 44032K, 77% used [0x00000000c1a00000,0x00000000c3b22230,0x00000000c4500000)
 Metaspace       used 13415K, capacity 13622K, committed 13952K, reserved 1060864K
  class space    used 1571K, capacity 1651K, committed 1664K, reserved 1048576K
}

