# JRE version: Java(TM) SE Runtime Environment (8.0_161-b12) (build 1.8.0_161-b12)
# Java VM: Java HotSpot(TM) 64-Bit Server VM (25.161-b12 mixed mode windows-amd64 compressed oops)
Heap:
 PSYoungGen      total 20480K, used 9875K [0x00000000eb380000, 0x00000000ecd80000, 0x0000000100000000)
  eden space 18432K, 42% used [0x00000000eb380000,0x00000000ebb3aca0,0x00000000ec580000)
  from space 2048K, 95% used [0x00000000ec580000,0x00000000ec76a020,0x00000000ec780000)
  to   space 4096K, 0% used [0x00000000ec980000,0x00000000ec980000,0x00000000ecd80000)
 ParOldGen       total 37888K, used 30026K [0x00000000c1a00000, 0x00000000c3f00000, 0x00000000eb380000)
  object space 37888K, 79% used [0x00000000c1a00000,0x00000000c3752998,0x00000000c3f00000)
 Metaspace       used 13875K, capacity 14114K, committed 14592K, reserved 1062912K
  class space    used 1612K, capacity 1685K, committed 1792K, reserved 1048576K
GC Heap History (10 events):
Event: 317.859 GC heap before
{Heap before GC invocations=707 (full 14):
 PSYoungGen      total 23040K, used 19136K [0x00000000eb380000, 0x00000000ece00000, 0x0000000100000000)
  eden space 18944K, 100% used [0x00000000eb380000,0x00000000ec600000,0x00000000ec600000)
  from space 4096K, 4% used [0x00000000eca00000,0x00000000eca30000,0x00000000ece00000)
  to   space 4096K, 0% used [0x00000000ec600000,0x00000000ec600000,0x00000000eca00000)
 ParOldGen       total 37888K, used 26367K [0x00000000c1a00000, 0x00000000c3f00000, 0x00000000eb380000)
  object space 37888K, 69% used [0x00000000c1a00000,0x00000000c33bfe48,0x00000000c3f00000)
 Metaspace       used 13874K, capacity 14114K, committed 14592K, reserved 1062912K
  class space    used 1612K, capacity 1685K, committed 1792K, reserved 1048576K
Event: 317.860 GC heap after
Heap after GC invocations=707 (full 14):
 PSYoungGen      total 23040K, used 2860K [0x00000000eb380000, 0x00000000ece00000, 0x0000000100000000)
  eden space 18944K, 0% used [0x00000000eb380000,0x00000000eb380000,0x00000000ec600000)
  from space 4096K, 69% used [0x00000000ec600000,0x00000000ec8cb030,0x00000000eca00000)
  to   space 4096K, 0% used [0x00000000eca00000,0x00000000eca00000,0x00000000ece00000)
 ParOldGen       total 37888K, used 26375K [0x00000000c1a00000, 0x00000000c3f00000, 0x00000000eb380000)
  object space 37888K, 69% used [0x00000000c1a00000,0x00000000c33c1e48,0x00000000c3f00000)
 Metaspace       used 13874K, capacity 14114K, committed 14592K, reserved 1062912K
  class space    used 1612K, capacity 1685K, committed 1792K, reserved 1048576K
}
Event: 318.180 GC heap before
{Heap before GC invocations=708 (full 14):
 PSYoungGen      total 23040K, used 21443K [0x00000000eb380000, 0x00000000ece00000, 0x0000000100000000)
  eden space 18944K, 98% used [0x00000000eb380000,0x00000000ec5a5f60,0x00000000ec600000)
  from space 4096K, 69% used [0x00000000ec600000,0x00000000ec8cb030,0x00000000eca00000)
  to   space 4096K, 0% used [0x00000000eca00000,0x00000000eca00000,0x00000000ece00000)
 ParOldGen       total 37888K, used 26375K [0x00000000c1a00000, 0x00000000c3f00000, 0x00000000eb380000)
  object space 37888K, 69% used [0x00000000c1a00000,0x00000000c33c1e48,0x00000000c3f00000)
 Metaspace       used 13874K, capacity 14114K, committed 14592K, reserved 1062912K
  class space    used 1612K, capacity 1685K, committed 1792K, reserved 1048576K
Event: 318.181 GC heap after
Heap after GC invocations=708 (full 14):
 PSYoungGen      total 23040K, used 1960K [0x00000000eb380000, 0x00000000ece00000, 0x0000000100000000)
  eden space 18944K, 0% used [0x00000000eb380000,0x00000000eb380000,0x00000000ec600000)
  from space 4096K, 47% used [0x00000000eca00000,0x00000000ecbea020,0x00000000ece00000)
  to   space 4096K, 0% used [0x00000000ec600000,0x00000000ec600000,0x00000000eca00000)
 ParOldGen       total 37888K, used 26383K [0x00000000c1a00000, 0x00000000c3f00000, 0x00000000eb380000)
  object space 37888K, 69% used [0x00000000c1a00000,0x00000000c33c3e48,0x00000000c3f00000)
 Metaspace       used 13874K, capacity 14114K, committed 14592K, reserved 1062912K
  class space    used 1612K, capacity 1685K, committed 1792K, reserved 1048576K
}
Event: 318.484 GC heap before
{Heap before GC invocations=709 (full 14):
 PSYoungGen      total 23040K, used 20441K [0x00000000eb380000, 0x00000000ece00000, 0x0000000100000000)
  eden space 18944K, 97% used [0x00000000eb380000,0x00000000ec58c7c8,0x00000000ec600000)
  from space 4096K, 47% used [0x00000000eca00000,0x00000000ecbea020,0x00000000ece00000)
  to   space 4096K, 0% used [0x00000000ec600000,0x00000000ec600000,0x00000000eca00000)
 ParOldGen       total 37888K, used 27283K [0x00000000c1a00000, 0x00000000c3f00000, 0x00000000eb380000)
  object space 37888K, 72% used [0x00000000c1a00000,0x00000000c34a4e58,0x00000000c3f00000)
 Metaspace       used 13874K, capacity 14114K, committed 14592K, reserved 1062912K
  class space    used 1612K, capacity 1685K, committed 1792K, reserved 1048576K
Event: 318.485 GC heap after
Heap after GC invocations=709 (full 14):
 PSYoungGen      total 23040K, used 2860K [0x00000000eb380000, 0x00000000ece00000, 0x0000000100000000)
  eden space 18944K, 0% used [0x00000000eb380000,0x00000000eb380000,0x00000000ec600000)
  from space 4096K, 69% used [0x00000000ec600000,0x00000000ec8cb030,0x00000000eca00000)
  to   space 4096K, 0% used [0x00000000eca00000,0x00000000eca00000,0x00000000ece00000)
 ParOldGen       total 37888K, used 27291K [0x00000000c1a00000, 0x00000000c3f00000, 0x00000000eb380000)
  object space 37888K, 72% used [0x00000000c1a00000,0x00000000c34a6e58,0x00000000c3f00000)
 Metaspace       used 13874K, capacity 14114K, committed 14592K, reserved 1062912K
  class space    used 1612K, capacity 1685K, committed 1792K, reserved 1048576K
}
Event: 318.854 GC heap before
{Heap before GC invocations=710 (full 14):
 PSYoungGen      total 23040K, used 21804K [0x00000000eb380000, 0x00000000ece00000, 0x0000000100000000)
  eden space 18944K, 100% used [0x00000000eb380000,0x00000000ec600000,0x00000000ec600000)
  from space 4096K, 69% used [0x00000000ec600000,0x00000000ec8cb030,0x00000000eca00000)
  to   space 4096K, 0% used [0x00000000eca00000,0x00000000eca00000,0x00000000ece00000)
 ParOldGen       total 37888K, used 29994K [0x00000000c1a00000, 0x00000000c3f00000, 0x00000000eb380000)
  object space 37888K, 79% used [0x00000000c1a00000,0x00000000c374a998,0x00000000c3f00000)
 Metaspace       used 13874K, capacity 14114K, committed 14592K, reserved 1062912K
  class space    used 1612K, capacity 1685K, committed 1792K, reserved 1048576K
Event: 318.855 GC heap after
Heap after GC invocations=710 (full 14):
 PSYoungGen      total 22528K, used 160K [0x00000000eb380000, 0x00000000ecf00000, 0x0000000100000000)
  eden space 18432K, 0% used [0x00000000eb380000,0x00000000eb380000,0x00000000ec580000)
  from space 4096K, 3% used [0x00000000eca00000,0x00000000eca28000,0x00000000ece00000)
  to   space 4608K, 0% used [0x00000000ec580000,0x00000000ec580000,0x00000000eca00000)
 ParOldGen       total 37888K, used 30010K [0x00000000c1a00000, 0x00000000c3f00000, 0x00000000eb380000)
  object space 37888K, 79% used [0x00000000c1a00000,0x00000000c374e998,0x00000000c3f00000)
 Metaspace       used 13874K, capacity 14114K, committed 14592K, reserved 1062912K
  class space    used 1612K, capacity 1685K, committed 1792K, reserved 1048576K
}
Event: 319.187 GC heap before
{Heap before GC invocations=711 (full 14):
 PSYoungGen      total 22528K, used 17926K [0x00000000eb380000, 0x00000000ecf00000, 0x0000000100000000)
  eden space 18432K, 96% used [0x00000000eb380000,0x00000000ec4d9978,0x00000000ec580000)
  from space 4096K, 3% used [0x00000000eca00000,0x00000000eca28000,0x00000000ece00000)
  to   space 4608K, 0% used [0x00000000ec580000,0x00000000ec580000,0x00000000eca00000)
 ParOldGen       total 37888K, used 30010K [0x00000000c1a00000, 0x00000000c3f00000, 0x00000000eb380000)
  object space 37888K, 79% used [0x00000000c1a00000,0x00000000c374e998,0x00000000c3f00000)
 Metaspace       used 13874K, capacity 14114K, committed 14592K, reserved 1062912K
  class space    used 1612K, capacity 1685K, committed 1792K, reserved 1048576K
Event: 319.188 GC heap after
Heap after GC invocations=711 (full 14):
 PSYoungGen      total 20480K, used 1960K [0x00000000eb380000, 0x00000000ecd80000, 0x0000000100000000)
  eden space 18432K, 0% used [0x00000000eb380000,0x00000000eb380000,0x00000000ec580000)
  from space 2048K, 95% used [0x00000000ec580000,0x00000000ec76a020,0x00000000ec780000)
  to   space 4096K, 0% used [0x00000000ec980000,0x00000000ec980000,0x00000000ecd80000)
 ParOldGen       total 37888K, used 30026K [0x00000000c1a00000, 0x00000000c3f00000, 0x00000000eb380000)
  object space 37888K, 79% used [0x00000000c1a00000,0x00000000c3752998,0x00000000c3f00000)
 Metaspace       used 13874K, capacity 14114K, committed 14592K, reserved 1062912K
  class space    used 1612K, capacity 1685K, committed 1792K, reserved 1048576K
}

